app/build/intermediates/manifest_merge_blame_file/debug/manifest-merger-blame-debug-report.txt
1<?xml version="1.0" encoding="utf-8"?>
2<manifest xmlns:android="http://schemas.android.com/apk/res/android"
3    package="com.lasuak.kvplayer"
4    android:versionCode="1"
5    android:versionName="1.0" >
6
7    <uses-sdk
8        android:minSdkVersion="22"
8-->src\main\AndroidManifest.xml
9        android:targetSdkVersion="33" />
9-->src\main\AndroidManifest.xml
10
11    <uses-permission android:name="android.permission.READ_EXTERNAL_STORAGE" />
11-->src\main\AndroidManifest.xml:6:5-80
11-->src\main\AndroidManifest.xml:6:22-77
12    <uses-permission android:name="android.permission.WRITE_EXTERNAL_STORAGE" />
12-->src\main\AndroidManifest.xml:7:5-9:40
12-->src\main\AndroidManifest.xml:8:9-65
13    <uses-permission android:name="android.permission.READ_MEDIA_VIDEO" />
13-->src\main\AndroidManifest.xml:10:5-75
13-->src\main\AndroidManifest.xml:10:22-72
14    <uses-permission android:name="android.permission.ACCESS_NETWORK_STATE" />
14-->[com.google.android.exoplayer:exoplayer-core:2.18.2] AndroidManifest.xml:24:5-79
14-->[com.google.android.exoplayer:exoplayer-core:2.18.2] AndroidManifest.xml:24:22-76
15
16    <permission
16-->[androidx.core:core:1.9.0] AndroidManifest.xml:22:5-24:47
17        android:name="com.lasuak.kvplayer.DYNAMIC_RECEIVER_NOT_EXPORTED_PERMISSION"
17-->[androidx.core:core:1.9.0] AndroidManifest.xml:23:9-81
18        android:protectionLevel="signature" />
18-->[androidx.core:core:1.9.0] AndroidManifest.xml:24:9-44
19
20    <uses-permission android:name="com.lasuak.kvplayer.DYNAMIC_RECEIVER_NOT_EXPORTED_PERMISSION" />
20-->[androidx.core:core:1.9.0] AndroidManifest.xml:26:5-97
20-->[androidx.core:core:1.9.0] AndroidManifest.xml:26:22-94
21
22    <application
22-->src\main\AndroidManifest.xml:12:5-68:19
23        android:allowBackup="true"
23-->src\main\AndroidManifest.xml:13:9-35
24        android:appComponentFactory="androidx.core.app.CoreComponentFactory"
24-->[androidx.core:core:1.9.0] AndroidManifest.xml:28:18-86
25        android:debuggable="true"
26        android:icon="@mipmap/ic_launcher"
26-->src\main\AndroidManifest.xml:14:9-43
27        android:label="@string/app_name"
27-->src\main\AndroidManifest.xml:15:9-41
28        android:requestLegacyExternalStorage="true"
28-->src\main\AndroidManifest.xml:16:9-52
29        android:roundIcon="@mipmap/ic_launcher_round"
29-->src\main\AndroidManifest.xml:17:9-54
30        android:supportsRtl="true"
30-->src\main\AndroidManifest.xml:18:9-35
31        android:theme="@style/Theme.KVPlayer"
31-->src\main\AndroidManifest.xml:19:9-46
32        android:usesCleartextTraffic="true" >
32-->src\main\AndroidManifest.xml:20:9-44
33        <activity
33-->src\main\AndroidManifest.xml:22:9-57:20
34            android:name="com.lasuak.kvplayer.ui.MainActivity"
34-->src\main\AndroidManifest.xml:23:13-44
35            android:configChanges="screenSize|orientation"
35-->src\main\AndroidManifest.xml:24:13-59
36            android:exported="true" >
36-->src\main\AndroidManifest.xml:25:13-36
37            <intent-filter>
37-->src\main\AndroidManifest.xml:26:13-29:29
38                <action android:name="android.intent.action.MAIN" />
38-->src\main\AndroidManifest.xml:27:17-69
38-->src\main\AndroidManifest.xml:27:25-66
39
40                <category android:name="android.intent.category.LAUNCHER" />
40-->src\main\AndroidManifest.xml:28:17-77
40-->src\main\AndroidManifest.xml:28:27-74
41            </intent-filter>
42            <intent-filter>
42-->src\main\AndroidManifest.xml:31:13-37:29
43                <action android:name="android.intent.action.VIEW" />
43-->src\main\AndroidManifest.xml:32:17-69
43-->src\main\AndroidManifest.xml:32:25-66
44
45                <category android:name="android.intent.category.DEFAULT" />
45-->src\main\AndroidManifest.xml:33:17-76
45-->src\main\AndroidManifest.xml:33:27-73
46
47                <data
47-->src\main\AndroidManifest.xml:34:17-36:48
48                    android:mimeType="video/*"
48-->src\main\AndroidManifest.xml:35:21-47
49                    android:scheme="content" />
49-->src\main\AndroidManifest.xml:36:21-45
50            </intent-filter>
51            <intent-filter>
51-->src\main\AndroidManifest.xml:38:13-56:29
52                <action android:name="android.intent.action.SEND" />
52-->src\main\AndroidManifest.xml:39:17-69
52-->src\main\AndroidManifest.xml:39:25-66
53
54                <category android:name="android.intent.category.DEFAULT" />
54-->src\main\AndroidManifest.xml:33:17-76
54-->src\main\AndroidManifest.xml:33:27-73
55                <category android:name="android.intent.category.BROWSABLE" />
55-->src\main\AndroidManifest.xml:42:17-78
55-->src\main\AndroidManifest.xml:42:27-75
56                <category android:name="android.intent.category.OPENABLE" />
56-->src\main\AndroidManifest.xml:43:17-77
56-->src\main\AndroidManifest.xml:43:27-74
57
58                <data android:mimeType="video/mp4" />
58-->src\main\AndroidManifest.xml:34:17-36:48
58-->src\main\AndroidManifest.xml:35:21-47
59                <data android:mimeType="video/x-matroska" />
59-->src\main\AndroidManifest.xml:34:17-36:48
59-->src\main\AndroidManifest.xml:35:21-47
60                <data android:mimeType="video/mkv" />
60-->src\main\AndroidManifest.xml:34:17-36:48
60-->src\main\AndroidManifest.xml:35:21-47
61                <data android:pathPattern=".*\\.mp4" />
61-->src\main\AndroidManifest.xml:34:17-36:48
61-->src\main\AndroidManifest.xml:48:23-53
62                <data android:pathPattern=".*\\..*\\.mp4" />
62-->src\main\AndroidManifest.xml:34:17-36:48
62-->src\main\AndroidManifest.xml:48:23-53
63                <data android:pathPattern=".*\\..*\\..*\\.mp4" />
63-->src\main\AndroidManifest.xml:34:17-36:48
63-->src\main\AndroidManifest.xml:48:23-53
64                <data android:pathPattern=".*\\..*\\..*\\..*\\.mp4" />
64-->src\main\AndroidManifest.xml:34:17-36:48
64-->src\main\AndroidManifest.xml:48:23-53
65                <data android:pathPattern=".*\\.mkv" />
65-->src\main\AndroidManifest.xml:34:17-36:48
65-->src\main\AndroidManifest.xml:48:23-53
66                <data android:pathPattern=".*\\..*\\.mkv" />
66-->src\main\AndroidManifest.xml:34:17-36:48
66-->src\main\AndroidManifest.xml:48:23-53
67                <data android:pathPattern=".*\\..*\\..*\\.mkv" />
67-->src\main\AndroidManifest.xml:34:17-36:48
67-->src\main\AndroidManifest.xml:48:23-53
68                <data android:pathPattern=".*\\..*\\..*\\..*\\.mkv" />
68-->src\main\AndroidManifest.xml:34:17-36:48
68-->src\main\AndroidManifest.xml:48:23-53
69            </intent-filter>
70        </activity>
71
72        <provider
72-->src\main\AndroidManifest.xml:59:9-67:20
73            android:name="androidx.core.content.FileProvider"
73-->src\main\AndroidManifest.xml:60:13-62
74            android:authorities="com.lasuak.kvplayer.fileprovider"
74-->src\main\AndroidManifest.xml:61:13-67
75            android:exported="false"
75-->src\main\AndroidManifest.xml:62:13-37
76            android:grantUriPermissions="true" >
76-->src\main\AndroidManifest.xml:63:13-47
77            <meta-data
77-->src\main\AndroidManifest.xml:64:13-66:53
78                android:name="android.support.FILE_PROVIDER_PATHS"
78-->src\main\AndroidManifest.xml:65:17-67
79                android:resource="@xml/file_path" />
79-->src\main\AndroidManifest.xml:66:17-50
80        </provider>
81
82        <uses-library
82-->[androidx.window:window:1.0.0] AndroidManifest.xml:25:9-27:40
83            android:name="androidx.window.extensions"
83-->[androidx.window:window:1.0.0] AndroidManifest.xml:26:13-54
84            android:required="false" />
84-->[androidx.window:window:1.0.0] AndroidManifest.xml:27:13-37
85        <uses-library
85-->[androidx.window:window:1.0.0] AndroidManifest.xml:28:9-30:40
86            android:name="androidx.window.sidecar"
86-->[androidx.window:window:1.0.0] AndroidManifest.xml:29:13-51
87            android:required="false" />
87-->[androidx.window:window:1.0.0] AndroidManifest.xml:30:13-37
88
89        <provider
89-->[androidx.emoji2:emoji2:1.2.0] AndroidManifest.xml:24:9-32:20
90            android:name="androidx.startup.InitializationProvider"
90-->[androidx.emoji2:emoji2:1.2.0] AndroidManifest.xml:25:13-67
91            android:authorities="com.lasuak.kvplayer.androidx-startup"
91-->[androidx.emoji2:emoji2:1.2.0] AndroidManifest.xml:26:13-68
92            android:exported="false" >
92-->[androidx.emoji2:emoji2:1.2.0] AndroidManifest.xml:27:13-37
93            <meta-data
93-->[androidx.emoji2:emoji2:1.2.0] AndroidManifest.xml:29:13-31:52
94                android:name="androidx.emoji2.text.EmojiCompatInitializer"
94-->[androidx.emoji2:emoji2:1.2.0] AndroidManifest.xml:30:17-75
95                android:value="androidx.startup" />
95-->[androidx.emoji2:emoji2:1.2.0] AndroidManifest.xml:31:17-49
96            <meta-data
96-->[androidx.lifecycle:lifecycle-process:2.4.1] AndroidManifest.xml:31:13-33:52
97                android:name="androidx.lifecycle.ProcessLifecycleInitializer"
97-->[androidx.lifecycle:lifecycle-process:2.4.1] AndroidManifest.xml:32:17-78
98                android:value="androidx.startup" />
98-->[androidx.lifecycle:lifecycle-process:2.4.1] AndroidManifest.xml:33:17-49
99        </provider>
100    </application>
101
102</manifest>